2014-12-03 16:06:43,016 [Worker-9] INFO  o.e.m.c.i.e.AbstractTransferListenerAdapter - Downloading http://repo.maven.apache.org/maven2/org/apache/maven/plugins/maven-surefire-plugin/2.12.4/maven-surefire-plugin-2.12.4.jar
2014-12-03 16:06:44,130 [Worker-9] INFO  o.e.m.c.i.e.AbstractTransferListenerAdapter - Downloaded http://repo.maven.apache.org/maven2/org/apache/maven/plugins/maven-surefire-plugin/2.12.4/maven-surefire-plugin-2.12.4.jar
2014-12-03 16:06:46,718 [Worker-9] INFO  o.e.m.c.i.e.AbstractTransferListenerAdapter - Downloading http://repo.maven.apache.org/maven2/org/apache/maven/plugins/maven-war-plugin/2.2/maven-war-plugin-2.2.jar
2014-12-03 16:06:47,616 [Worker-9] INFO  o.e.m.c.i.e.AbstractTransferListenerAdapter - Downloaded http://repo.maven.apache.org/maven2/org/apache/maven/plugins/maven-war-plugin/2.2/maven-war-plugin-2.2.jar
2014-12-03 16:06:48,278 [Worker-9] INFO  o.e.m.c.i.e.AbstractTransferListenerAdapter - Downloading http://repo.maven.apache.org/maven2/org/apache/maven/plugins/maven-install-plugin/2.4/maven-install-plugin-2.4.jar
2014-12-03 16:06:49,136 [Worker-9] INFO  o.e.m.c.i.e.AbstractTransferListenerAdapter - Downloaded http://repo.maven.apache.org/maven2/org/apache/maven/plugins/maven-install-plugin/2.4/maven-install-plugin-2.4.jar
2014-12-03 16:06:49,701 [Worker-9] INFO  o.e.m.c.i.l.LifecycleMappingFactory - Using org.maven.ide.eclipse.wtp.WarLifecycleMapping lifecycle mapping for MavenProject: com.team6:LapsApp:1.0.0-BUILD-SNAPSHOT @ C:\Users\a0123056r\laps\workspaceSpring\LapsApp\pom.xml.
2014-12-03 16:06:49,701 [Worker-5] INFO  o.e.m.c.i.l.LifecycleMappingFactory - Using org.maven.ide.eclipse.wtp.WarLifecycleMapping lifecycle mapping for MavenProject: com.team6:LapsApp:1.0.0-BUILD-SNAPSHOT @ C:\Users\a0123056r\laps\workspaceSpring\LapsApp\pom.xml.
2014-12-03 16:06:50,077 [Worker-5] INFO  o.e.m.c.i.e.AbstractTransferListenerAdapter - Downloading http://repo.maven.apache.org/maven2/org/hibernate/hibernate-entitymanager/3.3.2.GA/hibernate-entitymanager-3.3.2.GA.pom
2014-12-03 16:06:51,320 [Worker-5] INFO  o.e.m.c.i.e.AbstractTransferListenerAdapter - Downloaded http://repo.maven.apache.org/maven2/org/hibernate/hibernate-entitymanager/3.3.2.GA/hibernate-entitymanager-3.3.2.GA.pom
2014-12-03 16:06:51,562 [Worker-5] INFO  o.e.m.c.i.e.AbstractTransferListenerAdapter - Downloading http://repo.maven.apache.org/maven2/org/hibernate/hibernate/3.2.6.ga/hibernate-3.2.6.ga.pom
2014-12-03 16:06:52,423 [Worker-5] INFO  o.e.m.c.i.e.AbstractTransferListenerAdapter - Downloaded http://repo.maven.apache.org/maven2/org/hibernate/hibernate/3.2.6.ga/hibernate-3.2.6.ga.pom
2014-12-03 16:06:52,654 [Worker-5] INFO  o.e.m.c.i.e.AbstractTransferListenerAdapter - Downloading http://repo.maven.apache.org/maven2/net/sf/ehcache/ehcache/1.2.3/ehcache-1.2.3.pom
2014-12-03 16:06:53,619 [Worker-5] INFO  o.e.m.c.i.e.AbstractTransferListenerAdapter - Downloaded http://repo.maven.apache.org/maven2/net/sf/ehcache/ehcache/1.2.3/ehcache-1.2.3.pom
2014-12-03 16:06:53,965 [Worker-5] INFO  o.e.m.c.i.e.AbstractTransferListenerAdapter - Downloading http://repo.maven.apache.org/maven2/commons-logging/commons-logging/1.0.4/commons-logging-1.0.4.pom
2014-12-03 16:06:54,828 [Worker-5] INFO  o.e.m.c.i.e.AbstractTransferListenerAdapter - Downloaded http://repo.maven.apache.org/maven2/commons-logging/commons-logging/1.0.4/commons-logging-1.0.4.pom
2014-12-03 16:06:55,057 [Worker-5] INFO  o.e.m.c.i.e.AbstractTransferListenerAdapter - Downloading http://repo.maven.apache.org/maven2/commons-collections/commons-collections/2.1/commons-collections-2.1.pom
2014-12-03 16:06:55,929 [Worker-5] INFO  o.e.m.c.i.e.AbstractTransferListenerAdapter - Downloaded http://repo.maven.apache.org/maven2/commons-collections/commons-collections/2.1/commons-collections-2.1.pom
2014-12-03 16:06:56,186 [Worker-5] INFO  o.e.m.c.i.e.AbstractTransferListenerAdapter - Downloading http://repo.maven.apache.org/maven2/javax/transaction/jta/1.0.1B/jta-1.0.1B.pom
2014-12-03 16:06:57,468 [Worker-5] INFO  o.e.m.c.i.e.AbstractTransferListenerAdapter - Downloaded http://repo.maven.apache.org/maven2/javax/transaction/jta/1.0.1B/jta-1.0.1B.pom
2014-12-03 16:06:57,707 [Worker-5] INFO  o.e.m.c.i.e.AbstractTransferListenerAdapter - Downloading http://repo.maven.apache.org/maven2/asm/asm-attrs/1.5.3/asm-attrs-1.5.3.pom
2014-12-03 16:06:58,766 [Worker-5] INFO  o.e.m.c.i.e.AbstractTransferListenerAdapter - Downloaded http://repo.maven.apache.org/maven2/asm/asm-attrs/1.5.3/asm-attrs-1.5.3.pom
2014-12-03 16:06:59,019 [Worker-5] INFO  o.e.m.c.i.e.AbstractTransferListenerAdapter - Downloading http://repo.maven.apache.org/maven2/cglib/cglib/2.1_3/cglib-2.1_3.pom
2014-12-03 16:07:00,077 [Worker-5] INFO  o.e.m.c.i.e.AbstractTransferListenerAdapter - Downloaded http://repo.maven.apache.org/maven2/cglib/cglib/2.1_3/cglib-2.1_3.pom
2014-12-03 16:07:00,330 [Worker-5] INFO  o.e.m.c.i.e.AbstractTransferListenerAdapter - Downloading http://repo.maven.apache.org/maven2/asm/asm/1.5.3/asm-1.5.3.pom
2014-12-03 16:07:01,395 [Worker-5] INFO  o.e.m.c.i.e.AbstractTransferListenerAdapter - Downloaded http://repo.maven.apache.org/maven2/asm/asm/1.5.3/asm-1.5.3.pom
2014-12-03 16:07:01,649 [Worker-5] INFO  o.e.m.c.i.e.AbstractTransferListenerAdapter - Downloading http://repo.maven.apache.org/maven2/commons-collections/commons-collections/2.1.1/commons-collections-2.1.1.pom
2014-12-03 16:07:02,699 [Worker-5] INFO  o.e.m.c.i.e.AbstractTransferListenerAdapter - Downloaded http://repo.maven.apache.org/maven2/commons-collections/commons-collections/2.1.1/commons-collections-2.1.1.pom
2014-12-03 16:07:02,961 [Worker-5] INFO  o.e.m.c.i.e.AbstractTransferListenerAdapter - Downloading http://repo.maven.apache.org/maven2/org/hibernate/hibernate-annotations/3.3.1.GA/hibernate-annotations-3.3.1.GA.pom
2014-12-03 16:07:04,004 [Worker-5] INFO  o.e.m.c.i.e.AbstractTransferListenerAdapter - Downloaded http://repo.maven.apache.org/maven2/org/hibernate/hibernate-annotations/3.3.1.GA/hibernate-annotations-3.3.1.GA.pom
2014-12-03 16:07:04,237 [Worker-5] INFO  o.e.m.c.i.e.AbstractTransferListenerAdapter - Downloading http://repo.maven.apache.org/maven2/org/hibernate/hibernate-commons-annotations/3.0.0.ga/hibernate-commons-annotations-3.0.0.ga.pom
2014-12-03 16:07:05,090 [Worker-5] INFO  o.e.m.c.i.e.AbstractTransferListenerAdapter - Downloaded http://repo.maven.apache.org/maven2/org/hibernate/hibernate-commons-annotations/3.0.0.ga/hibernate-commons-annotations-3.0.0.ga.pom
2014-12-03 16:07:05,333 [Worker-5] INFO  o.e.m.c.i.e.AbstractTransferListenerAdapter - Downloading http://repo.maven.apache.org/maven2/org/hibernate/ejb3-persistence/1.0.1.GA/ejb3-persistence-1.0.1.GA.pom
2014-12-03 16:07:06,378 [Worker-5] INFO  o.e.m.c.i.e.AbstractTransferListenerAdapter - Downloaded http://repo.maven.apache.org/maven2/org/hibernate/ejb3-persistence/1.0.1.GA/ejb3-persistence-1.0.1.GA.pom
2014-12-03 16:07:06,636 [Worker-5] INFO  o.e.m.c.i.e.AbstractTransferListenerAdapter - Downloading http://repo.maven.apache.org/maven2/javassist/javassist/3.4.GA/javassist-3.4.GA.pom
2014-12-03 16:07:07,674 [Worker-5] INFO  o.e.m.c.i.e.AbstractTransferListenerAdapter - Downloaded http://repo.maven.apache.org/maven2/javassist/javassist/3.4.GA/javassist-3.4.GA.pom
2014-12-03 16:07:07,933 [Worker-5] INFO  o.e.m.c.i.e.AbstractTransferListenerAdapter - Downloading http://repo.maven.apache.org/maven2/org/springframework/spring-orm/4.1.2.RELEASE/spring-orm-4.1.2.RELEASE.pom
2014-12-03 16:07:08,802 [Worker-5] INFO  o.e.m.c.i.e.AbstractTransferListenerAdapter - Downloaded http://repo.maven.apache.org/maven2/org/springframework/spring-orm/4.1.2.RELEASE/spring-orm-4.1.2.RELEASE.pom
2014-12-03 16:07:09,062 [Worker-5] INFO  o.e.m.c.i.e.AbstractTransferListenerAdapter - Downloading http://repo.maven.apache.org/maven2/org/springframework/spring-beans/4.1.2.RELEASE/spring-beans-4.1.2.RELEASE.pom
2014-12-03 16:07:10,058 [Worker-5] INFO  o.e.m.c.i.e.AbstractTransferListenerAdapter - Downloaded http://repo.maven.apache.org/maven2/org/springframework/spring-beans/4.1.2.RELEASE/spring-beans-4.1.2.RELEASE.pom
2014-12-03 16:07:10,312 [Worker-5] INFO  o.e.m.c.i.e.AbstractTransferListenerAdapter - Downloading http://repo.maven.apache.org/maven2/org/springframework/spring-core/4.1.2.RELEASE/spring-core-4.1.2.RELEASE.pom
2014-12-03 16:07:11,547 [Worker-5] INFO  o.e.m.c.i.e.AbstractTransferListenerAdapter - Downloaded http://repo.maven.apache.org/maven2/org/springframework/spring-core/4.1.2.RELEASE/spring-core-4.1.2.RELEASE.pom
2014-12-03 16:07:11,572 [Worker-5] WARN  o.e.m.c.i.embedder.EclipseLogger - The POM for commons-logging:commons-logging:jar:1.1.3 is invalid, transitive dependencies (if any) will not be available, enable debug logging for more details
2014-12-03 16:07:11,572 [Worker-12] WARN  o.e.m.c.i.embedder.EclipseLogger - The POM for commons-logging:commons-logging:jar:1.1.3 is invalid, transitive dependencies (if any) will not be available, enable debug logging for more details
2014-12-03 16:07:11,578 [Worker-9] WARN  o.e.m.c.i.embedder.EclipseLogger - The POM for commons-logging:commons-logging:jar:1.1.3 is invalid, transitive dependencies (if any) will not be available, enable debug logging for more details
2014-12-03 16:07:11,828 [Worker-12] INFO  o.e.m.c.i.e.AbstractTransferListenerAdapter - Downloading http://repo.maven.apache.org/maven2/org/springframework/spring-jdbc/4.1.2.RELEASE/spring-jdbc-4.1.2.RELEASE.pom
2014-12-03 16:07:12,695 [Worker-12] INFO  o.e.m.c.i.e.AbstractTransferListenerAdapter - Downloaded http://repo.maven.apache.org/maven2/org/springframework/spring-jdbc/4.1.2.RELEASE/spring-jdbc-4.1.2.RELEASE.pom
2014-12-03 16:07:12,965 [Worker-12] INFO  o.e.m.c.i.e.AbstractTransferListenerAdapter - Downloading http://repo.maven.apache.org/maven2/org/springframework/spring-tx/4.1.2.RELEASE/spring-tx-4.1.2.RELEASE.pom
2014-12-03 16:07:13,839 [Worker-12] INFO  o.e.m.c.i.e.AbstractTransferListenerAdapter - Downloaded http://repo.maven.apache.org/maven2/org/springframework/spring-tx/4.1.2.RELEASE/spring-tx-4.1.2.RELEASE.pom
2014-12-03 16:07:14,084 [Worker-12] INFO  o.e.m.c.i.e.AbstractTransferListenerAdapter - Downloading http://repo.maven.apache.org/maven2/org/springframework/data/spring-data-jpa/1.7.1.RELEASE/spring-data-jpa-1.7.1.RELEASE.pom
2014-12-03 16:07:14,949 [Worker-12] INFO  o.e.m.c.i.e.AbstractTransferListenerAdapter - Downloaded http://repo.maven.apache.org/maven2/org/springframework/data/spring-data-jpa/1.7.1.RELEASE/spring-data-jpa-1.7.1.RELEASE.pom
2014-12-03 16:07:15,196 [Worker-12] INFO  o.e.m.c.i.e.AbstractTransferListenerAdapter - Downloading http://repo.maven.apache.org/maven2/org/springframework/data/build/spring-data-parent/1.5.1.RELEASE/spring-data-parent-1.5.1.RELEASE.pom
2014-12-03 16:07:16,058 [Worker-12] INFO  o.e.m.c.i.e.AbstractTransferListenerAdapter - Downloaded http://repo.maven.apache.org/maven2/org/springframework/data/build/spring-data-parent/1.5.1.RELEASE/spring-data-parent-1.5.1.RELEASE.pom
2014-12-03 16:07:16,303 [Worker-12] INFO  o.e.m.c.i.e.AbstractTransferListenerAdapter - Downloading http://repo.maven.apache.org/maven2/org/springframework/data/build/spring-data-build/1.5.1.RELEASE/spring-data-build-1.5.1.RELEASE.pom
2014-12-03 16:07:17,187 [Worker-12] INFO  o.e.m.c.i.e.AbstractTransferListenerAdapter - Downloaded http://repo.maven.apache.org/maven2/org/springframework/data/build/spring-data-build/1.5.1.RELEASE/spring-data-build-1.5.1.RELEASE.pom
2014-12-03 16:07:17,470 [Worker-12] INFO  o.e.m.c.i.e.AbstractTransferListenerAdapter - Downloading http://repo.maven.apache.org/maven2/org/springframework/data/spring-data-commons/1.9.1.RELEASE/spring-data-commons-1.9.1.RELEASE.pom
2014-12-03 16:07:18,350 [Worker-12] INFO  o.e.m.c.i.e.AbstractTransferListenerAdapter - Downloaded http://repo.maven.apache.org/maven2/org/springframework/data/spring-data-commons/1.9.1.RELEASE/spring-data-commons-1.9.1.RELEASE.pom
2014-12-03 16:07:18,618 [Worker-12] INFO  o.e.m.c.i.e.AbstractTransferListenerAdapter - Downloading http://repo.maven.apache.org/maven2/org/springframework/spring-core/4.0.7.RELEASE/spring-core-4.0.7.RELEASE.pom
2014-12-03 16:07:19,493 [Worker-12] INFO  o.e.m.c.i.e.AbstractTransferListenerAdapter - Downloaded http://repo.maven.apache.org/maven2/org/springframework/spring-core/4.0.7.RELEASE/spring-core-4.0.7.RELEASE.pom
2014-12-03 16:07:19,759 [Worker-12] INFO  o.e.m.c.i.e.AbstractTransferListenerAdapter - Downloading http://repo.maven.apache.org/maven2/org/springframework/spring-beans/4.0.7.RELEASE/spring-beans-4.0.7.RELEASE.pom
2014-12-03 16:07:20,619 [Worker-12] INFO  o.e.m.c.i.e.AbstractTransferListenerAdapter - Downloaded http://repo.maven.apache.org/maven2/org/springframework/spring-beans/4.0.7.RELEASE/spring-beans-4.0.7.RELEASE.pom
2014-12-03 16:07:20,881 [Worker-12] INFO  o.e.m.c.i.e.AbstractTransferListenerAdapter - Downloading http://repo.maven.apache.org/maven2/org/springframework/spring-orm/4.0.7.RELEASE/spring-orm-4.0.7.RELEASE.pom
2014-12-03 16:07:21,887 [Worker-12] INFO  o.e.m.c.i.e.AbstractTransferListenerAdapter - Downloaded http://repo.maven.apache.org/maven2/org/springframework/spring-orm/4.0.7.RELEASE/spring-orm-4.0.7.RELEASE.pom
2014-12-03 16:07:22,133 [Worker-12] INFO  o.e.m.c.i.e.AbstractTransferListenerAdapter - Downloading http://repo.maven.apache.org/maven2/org/springframework/spring-jdbc/4.0.7.RELEASE/spring-jdbc-4.0.7.RELEASE.pom
2014-12-03 16:07:22,986 [Worker-12] INFO  o.e.m.c.i.e.AbstractTransferListenerAdapter - Downloaded http://repo.maven.apache.org/maven2/org/springframework/spring-jdbc/4.0.7.RELEASE/spring-jdbc-4.0.7.RELEASE.pom
2014-12-03 16:07:23,231 [Worker-12] INFO  o.e.m.c.i.e.AbstractTransferListenerAdapter - Downloading http://repo.maven.apache.org/maven2/org/springframework/spring-tx/4.0.7.RELEASE/spring-tx-4.0.7.RELEASE.pom
2014-12-03 16:07:24,079 [Worker-12] INFO  o.e.m.c.i.e.AbstractTransferListenerAdapter - Downloaded http://repo.maven.apache.org/maven2/org/springframework/spring-tx/4.0.7.RELEASE/spring-tx-4.0.7.RELEASE.pom
2014-12-03 16:07:24,306 [Worker-12] INFO  o.e.m.c.i.e.AbstractTransferListenerAdapter - Downloading http://repo.maven.apache.org/maven2/org/springframework/spring-context/4.0.7.RELEASE/spring-context-4.0.7.RELEASE.pom
2014-12-03 16:07:25,161 [Worker-12] INFO  o.e.m.c.i.e.AbstractTransferListenerAdapter - Downloaded http://repo.maven.apache.org/maven2/org/springframework/spring-context/4.0.7.RELEASE/spring-context-4.0.7.RELEASE.pom
2014-12-03 16:07:25,409 [Worker-12] INFO  o.e.m.c.i.e.AbstractTransferListenerAdapter - Downloading http://repo.maven.apache.org/maven2/org/springframework/spring-aop/4.0.7.RELEASE/spring-aop-4.0.7.RELEASE.pom
2014-12-03 16:07:26,271 [Worker-12] INFO  o.e.m.c.i.e.AbstractTransferListenerAdapter - Downloaded http://repo.maven.apache.org/maven2/org/springframework/spring-aop/4.0.7.RELEASE/spring-aop-4.0.7.RELEASE.pom
2014-12-03 16:07:26,497 [Worker-12] INFO  o.e.m.c.i.e.AbstractTransferListenerAdapter - Downloading http://repo.maven.apache.org/maven2/org/springframework/spring-expression/4.0.7.RELEASE/spring-expression-4.0.7.RELEASE.pom
2014-12-03 16:07:27,355 [Worker-12] INFO  o.e.m.c.i.e.AbstractTransferListenerAdapter - Downloaded http://repo.maven.apache.org/maven2/org/springframework/spring-expression/4.0.7.RELEASE/spring-expression-4.0.7.RELEASE.pom
2014-12-03 16:07:28,102 [Worker-12] INFO  o.e.m.c.i.e.AbstractTransferListenerAdapter - Downloading http://repo.maven.apache.org/maven2/org/hibernate/hibernate-entitymanager/3.3.2.GA/hibernate-entitymanager-3.3.2.GA.jar
2014-12-03 16:07:29,087 [Worker-12] INFO  o.e.m.c.i.e.AbstractTransferListenerAdapter - Downloaded http://repo.maven.apache.org/maven2/org/hibernate/hibernate-entitymanager/3.3.2.GA/hibernate-entitymanager-3.3.2.GA.jar
2014-12-03 16:07:29,321 [Worker-12] INFO  o.e.m.c.i.e.AbstractTransferListenerAdapter - Downloading http://repo.maven.apache.org/maven2/org/hibernate/hibernate/3.2.6.ga/hibernate-3.2.6.ga.jar
2014-12-03 16:07:30,693 [Worker-12] INFO  o.e.m.c.i.e.AbstractTransferListenerAdapter - Downloaded http://repo.maven.apache.org/maven2/org/hibernate/hibernate/3.2.6.ga/hibernate-3.2.6.ga.jar
2014-12-03 16:07:30,963 [Worker-12] INFO  o.e.m.c.i.e.AbstractTransferListenerAdapter - Downloading http://repo.maven.apache.org/maven2/net/sf/ehcache/ehcache/1.2.3/ehcache-1.2.3.jar
2014-12-03 16:07:31,840 [Worker-12] INFO  o.e.m.c.i.e.AbstractTransferListenerAdapter - Downloaded http://repo.maven.apache.org/maven2/net/sf/ehcache/ehcache/1.2.3/ehcache-1.2.3.jar
2014-12-03 16:07:32,054 [Worker-12] INFO  o.e.m.c.i.e.AbstractTransferListenerAdapter - Downloading http://repo.maven.apache.org/maven2/asm/asm-attrs/1.5.3/asm-attrs-1.5.3.jar
2014-12-03 16:07:32,903 [Worker-12] INFO  o.e.m.c.i.e.AbstractTransferListenerAdapter - Downloaded http://repo.maven.apache.org/maven2/asm/asm-attrs/1.5.3/asm-attrs-1.5.3.jar
2014-12-03 16:07:33,117 [Worker-12] INFO  o.e.m.c.i.e.AbstractTransferListenerAdapter - Downloading http://repo.maven.apache.org/maven2/cglib/cglib/2.1_3/cglib-2.1_3.jar
2014-12-03 16:07:34,091 [Worker-12] INFO  o.e.m.c.i.e.AbstractTransferListenerAdapter - Downloaded http://repo.maven.apache.org/maven2/cglib/cglib/2.1_3/cglib-2.1_3.jar
2014-12-03 16:07:34,304 [Worker-12] INFO  o.e.m.c.i.e.AbstractTransferListenerAdapter - Downloading http://repo.maven.apache.org/maven2/asm/asm/1.5.3/asm-1.5.3.jar
2014-12-03 16:07:35,438 [Worker-12] INFO  o.e.m.c.i.e.AbstractTransferListenerAdapter - Downloaded http://repo.maven.apache.org/maven2/asm/asm/1.5.3/asm-1.5.3.jar
2014-12-03 16:07:35,669 [Worker-12] INFO  o.e.m.c.i.e.AbstractTransferListenerAdapter - Downloading http://repo.maven.apache.org/maven2/commons-collections/commons-collections/2.1.1/commons-collections-2.1.1.jar
2014-12-03 16:07:36,541 [Worker-12] INFO  o.e.m.c.i.e.AbstractTransferListenerAdapter - Downloaded http://repo.maven.apache.org/maven2/commons-collections/commons-collections/2.1.1/commons-collections-2.1.1.jar
2014-12-03 16:07:36,760 [Worker-12] INFO  o.e.m.c.i.e.AbstractTransferListenerAdapter - Downloading http://repo.maven.apache.org/maven2/org/hibernate/hibernate-annotations/3.3.1.GA/hibernate-annotations-3.3.1.GA.jar
2014-12-03 16:07:38,117 [Worker-12] INFO  o.e.m.c.i.e.AbstractTransferListenerAdapter - Downloaded http://repo.maven.apache.org/maven2/org/hibernate/hibernate-annotations/3.3.1.GA/hibernate-annotations-3.3.1.GA.jar
2014-12-03 16:07:38,338 [Worker-12] INFO  o.e.m.c.i.e.AbstractTransferListenerAdapter - Downloading http://repo.maven.apache.org/maven2/org/hibernate/hibernate-commons-annotations/3.0.0.ga/hibernate-commons-annotations-3.0.0.ga.jar
2014-12-03 16:07:39,211 [Worker-12] INFO  o.e.m.c.i.e.AbstractTransferListenerAdapter - Downloaded http://repo.maven.apache.org/maven2/org/hibernate/hibernate-commons-annotations/3.0.0.ga/hibernate-commons-annotations-3.0.0.ga.jar
2014-12-03 16:07:39,432 [Worker-12] INFO  o.e.m.c.i.e.AbstractTransferListenerAdapter - Downloading http://repo.maven.apache.org/maven2/org/hibernate/ejb3-persistence/1.0.1.GA/ejb3-persistence-1.0.1.GA.jar
2014-12-03 16:07:40,282 [Worker-12] INFO  o.e.m.c.i.e.AbstractTransferListenerAdapter - Downloaded http://repo.maven.apache.org/maven2/org/hibernate/ejb3-persistence/1.0.1.GA/ejb3-persistence-1.0.1.GA.jar
2014-12-03 16:07:40,512 [Worker-12] INFO  o.e.m.c.i.e.AbstractTransferListenerAdapter - Downloading http://repo.maven.apache.org/maven2/commons-logging/commons-logging/1.0.4/commons-logging-1.0.4.jar
2014-12-03 16:07:41,368 [Worker-12] INFO  o.e.m.c.i.e.AbstractTransferListenerAdapter - Downloaded http://repo.maven.apache.org/maven2/commons-logging/commons-logging/1.0.4/commons-logging-1.0.4.jar
2014-12-03 16:07:41,595 [Worker-12] INFO  o.e.m.c.i.e.AbstractTransferListenerAdapter - Downloading http://repo.maven.apache.org/maven2/javassist/javassist/3.4.GA/javassist-3.4.GA.jar
2014-12-03 16:07:42,147 [Worker-12] INFO  o.e.m.c.i.e.AbstractTransferListenerAdapter - Downloaded http://repo.maven.apache.org/maven2/javassist/javassist/3.4.GA/javassist-3.4.GA.jar
2014-12-03 16:07:42,398 [Worker-12] INFO  o.e.m.c.i.e.AbstractTransferListenerAdapter - Downloading http://repo.maven.apache.org/maven2/org/springframework/spring-orm/4.1.2.RELEASE/spring-orm-4.1.2.RELEASE.jar
2014-12-03 16:07:43,316 [Worker-12] INFO  o.e.m.c.i.e.AbstractTransferListenerAdapter - Downloaded http://repo.maven.apache.org/maven2/org/springframework/spring-orm/4.1.2.RELEASE/spring-orm-4.1.2.RELEASE.jar
2014-12-03 16:07:43,552 [Worker-12] INFO  o.e.m.c.i.e.AbstractTransferListenerAdapter - Downloading http://repo.maven.apache.org/maven2/org/springframework/spring-jdbc/4.1.2.RELEASE/spring-jdbc-4.1.2.RELEASE.jar
2014-12-03 16:07:44,484 [Worker-12] INFO  o.e.m.c.i.e.AbstractTransferListenerAdapter - Downloaded http://repo.maven.apache.org/maven2/org/springframework/spring-jdbc/4.1.2.RELEASE/spring-jdbc-4.1.2.RELEASE.jar
2014-12-03 16:07:44,712 [Worker-12] INFO  o.e.m.c.i.e.AbstractTransferListenerAdapter - Downloading http://repo.maven.apache.org/maven2/org/springframework/spring-tx/4.1.2.RELEASE/spring-tx-4.1.2.RELEASE.jar
2014-12-03 16:07:45,615 [Worker-12] INFO  o.e.m.c.i.e.AbstractTransferListenerAdapter - Downloaded http://repo.maven.apache.org/maven2/org/springframework/spring-tx/4.1.2.RELEASE/spring-tx-4.1.2.RELEASE.jar
2014-12-03 16:07:45,843 [Worker-12] INFO  o.e.m.c.i.e.AbstractTransferListenerAdapter - Downloading http://repo.maven.apache.org/maven2/org/springframework/data/spring-data-jpa/1.7.1.RELEASE/spring-data-jpa-1.7.1.RELEASE.jar
2014-12-03 16:07:46,747 [Worker-12] INFO  o.e.m.c.i.e.AbstractTransferListenerAdapter - Downloaded http://repo.maven.apache.org/maven2/org/springframework/data/spring-data-jpa/1.7.1.RELEASE/spring-data-jpa-1.7.1.RELEASE.jar
2014-12-03 16:07:46,974 [Worker-12] INFO  o.e.m.c.i.e.AbstractTransferListenerAdapter - Downloading http://repo.maven.apache.org/maven2/org/springframework/data/spring-data-commons/1.9.1.RELEASE/spring-data-commons-1.9.1.RELEASE.jar
2014-12-03 16:07:47,960 [Worker-12] INFO  o.e.m.c.i.e.AbstractTransferListenerAdapter - Downloaded http://repo.maven.apache.org/maven2/org/springframework/data/spring-data-commons/1.9.1.RELEASE/spring-data-commons-1.9.1.RELEASE.jar
2014-12-03 16:07:59,030 [Worker-12] WARN  o.e.m.c.i.embedder.EclipseLogger - The POM for commons-logging:commons-logging:jar:1.1.3 is invalid, transitive dependencies (if any) will not be available, enable debug logging for more details
2014-12-03 16:07:59,396 [Worker-5] INFO  o.e.m.c.i.e.AbstractTransferListenerAdapter - Downloading http://repo.maven.apache.org/maven2/org/apache/maven/plugins/maven-surefire-plugin/2.12.4/maven-surefire-plugin-2.12.4.pom
2014-12-03 16:08:00,283 [Worker-5] INFO  o.e.m.c.i.e.AbstractTransferListenerAdapter - Downloaded http://repo.maven.apache.org/maven2/org/apache/maven/plugins/maven-surefire-plugin/2.12.4/maven-surefire-plugin-2.12.4.pom
2014-12-03 16:08:00,531 [Worker-5] INFO  o.e.m.c.i.e.AbstractTransferListenerAdapter - Downloading http://repo.maven.apache.org/maven2/org/apache/maven/surefire/surefire/2.12.4/surefire-2.12.4.pom
2014-12-03 16:08:01,427 [Worker-5] INFO  o.e.m.c.i.e.AbstractTransferListenerAdapter - Downloaded http://repo.maven.apache.org/maven2/org/apache/maven/surefire/surefire/2.12.4/surefire-2.12.4.pom
2014-12-03 16:08:01,705 [Worker-5] INFO  o.e.m.c.i.e.AbstractTransferListenerAdapter - Downloading http://repo.maven.apache.org/maven2/org/apache/maven/plugins/maven-war-plugin/2.2/maven-war-plugin-2.2.pom
2014-12-03 16:08:02,598 [Worker-5] INFO  o.e.m.c.i.e.AbstractTransferListenerAdapter - Downloaded http://repo.maven.apache.org/maven2/org/apache/maven/plugins/maven-war-plugin/2.2/maven-war-plugin-2.2.pom
2014-12-03 16:08:02,972 [Worker-5] INFO  o.e.m.c.i.e.AbstractTransferListenerAdapter - Downloading http://repo.maven.apache.org/maven2/com/thoughtworks/xstream/xstream/1.3.1/xstream-1.3.1.pom
2014-12-03 16:08:03,876 [Worker-5] INFO  o.e.m.c.i.e.AbstractTransferListenerAdapter - Downloaded http://repo.maven.apache.org/maven2/com/thoughtworks/xstream/xstream/1.3.1/xstream-1.3.1.pom
2014-12-03 16:08:04,137 [Worker-5] INFO  o.e.m.c.i.e.AbstractTransferListenerAdapter - Downloading http://repo.maven.apache.org/maven2/com/thoughtworks/xstream/xstream-parent/1.3.1/xstream-parent-1.3.1.pom
2014-12-03 16:08:05,036 [Worker-5] INFO  o.e.m.c.i.e.AbstractTransferListenerAdapter - Downloaded http://repo.maven.apache.org/maven2/com/thoughtworks/xstream/xstream-parent/1.3.1/xstream-parent-1.3.1.pom
2014-12-03 16:08:05,335 [Worker-5] INFO  o.e.m.c.i.e.AbstractTransferListenerAdapter - Downloading http://repo.maven.apache.org/maven2/com/thoughtworks/xstream/xstream/1.3.1/xstream-1.3.1.jar
2014-12-03 16:08:06,290 [Worker-5] INFO  o.e.m.c.i.e.AbstractTransferListenerAdapter - Downloaded http://repo.maven.apache.org/maven2/com/thoughtworks/xstream/xstream/1.3.1/xstream-1.3.1.jar
2014-12-03 16:08:07,518 [Worker-5] INFO  o.e.m.c.i.e.AbstractTransferListenerAdapter - Downloading http://repo.maven.apache.org/maven2/org/apache/maven/plugins/maven-clean-plugin/2.5/maven-clean-plugin-2.5.pom
2014-12-03 16:08:08,410 [Worker-5] INFO  o.e.m.c.i.e.AbstractTransferListenerAdapter - Downloaded http://repo.maven.apache.org/maven2/org/apache/maven/plugins/maven-clean-plugin/2.5/maven-clean-plugin-2.5.pom
2014-12-03 16:08:08,658 [Worker-5] INFO  o.e.m.c.i.e.AbstractTransferListenerAdapter - Downloading http://repo.maven.apache.org/maven2/org/apache/maven/plugins/maven-install-plugin/2.4/maven-install-plugin-2.4.pom
2014-12-03 16:08:09,526 [Worker-5] INFO  o.e.m.c.i.e.AbstractTransferListenerAdapter - Downloaded http://repo.maven.apache.org/maven2/org/apache/maven/plugins/maven-install-plugin/2.4/maven-install-plugin-2.4.pom
2014-12-03 16:08:09,684 [Worker-5] WARN  o.e.m.c.i.embedder.EclipseLogger - The POM for commons-logging:commons-logging:jar:1.1.3 is invalid, transitive dependencies (if any) will not be available, enable debug logging for more details
2014-12-03 16:08:10,499 [Worker-5] WARN  o.e.m.c.i.embedder.EclipseLogger - Using platform encoding (Cp1252 actually) to copy filtered resources, i.e. build is platform dependent!
2014-12-03 16:08:10,502 [Worker-5] INFO  o.e.m.c.i.embedder.EclipseLogger - Copying 2 resources
2014-12-03 16:08:10,509 [Worker-5] WARN  o.e.m.c.i.embedder.EclipseLogger - Using platform encoding (Cp1252 actually) to copy filtered resources, i.e. build is platform dependent!
2014-12-03 16:08:10,510 [Worker-5] INFO  o.e.m.c.i.embedder.EclipseLogger - Copying 1 resource
2014-12-03 16:08:10,696 [Worker-10] INFO  o.e.m.c.i.p.ProjectConfigurationManager - Update started
2014-12-03 16:08:10,737 [Worker-10] INFO  o.e.m.c.i.l.LifecycleMappingFactory - Using org.maven.ide.eclipse.wtp.WarLifecycleMapping lifecycle mapping for MavenProject: com.team6:LapsApp:1.0.0-BUILD-SNAPSHOT @ C:\Users\a0123056r\laps\workspaceSpring\LapsApp\pom.xml.
2014-12-03 16:08:10,849 [Worker-10] WARN  o.e.m.c.i.embedder.EclipseLogger - The POM for commons-logging:commons-logging:jar:1.1.3 is invalid, transitive dependencies (if any) will not be available, enable debug logging for more details
2014-12-03 16:08:11,062 [Worker-10] WARN  o.e.m.c.i.embedder.EclipseLogger - The POM for commons-logging:commons-logging:jar:1.1.3 is invalid, transitive dependencies (if any) will not be available, enable debug logging for more details
2014-12-03 16:08:11,318 [Worker-10] INFO  o.e.m.j.i.AbstractJavaProjectConfigurator - Adding source folder /LapsApp/src/main/java
2014-12-03 16:08:11,318 [Worker-10] INFO  o.e.m.j.i.AbstractJavaProjectConfigurator - Resources folder /LapsApp/src/main/resources overlaps with sources folder /LapsApp/src/main/resources
2014-12-03 16:08:11,318 [Worker-10] INFO  o.e.m.j.i.AbstractJavaProjectConfigurator - Adding source folder /LapsApp/src/test/java
2014-12-03 16:08:11,319 [Worker-10] INFO  o.e.m.j.i.AbstractJavaProjectConfigurator - Resources folder /LapsApp/src/test/resources overlaps with sources folder /LapsApp/src/test/resources
2014-12-03 16:08:11,708 [Worker-10] INFO  o.e.m.c.i.l.LifecycleMappingFactory - Using org.maven.ide.eclipse.wtp.WarLifecycleMapping lifecycle mapping for MavenProject: com.team6:LapsApp:1.0.0-BUILD-SNAPSHOT @ C:\Users\a0123056r\laps\workspaceSpring\LapsApp\pom.xml.
2014-12-03 16:08:12,410 [Worker-10] WARN  o.e.m.c.i.embedder.EclipseLogger - The POM for commons-logging:commons-logging:jar:1.1.3 is invalid, transitive dependencies (if any) will not be available, enable debug logging for more details
2014-12-03 16:08:13,363 [Worker-10] INFO  o.e.m.w.i.f.ResourceFilteringBuildParticipant - Cleaning filtered folder for LapsApp
2014-12-03 16:08:13,367 [Worker-10] INFO  o.e.m.c.i.p.ProjectConfigurationManager - Update completed: 2 sec
2014-12-03 16:08:14,412 [Worker-13] WARN  o.e.m.c.i.embedder.EclipseLogger - The POM for commons-logging:commons-logging:jar:1.1.3 is invalid, transitive dependencies (if any) will not be available, enable debug logging for more details
2014-12-03 16:08:14,788 [Worker-5] INFO  o.e.m.c.i.l.LifecycleMappingFactory - Using org.maven.ide.eclipse.wtp.WarLifecycleMapping lifecycle mapping for MavenProject: com.team6:LapsApp:1.0.0-BUILD-SNAPSHOT @ C:\Users\a0123056r\laps\workspaceSpring\LapsApp\pom.xml.
2014-12-03 16:08:15,196 [Worker-13] WARN  o.e.m.c.i.embedder.EclipseLogger - Using platform encoding (Cp1252 actually) to copy filtered resources, i.e. build is platform dependent!
2014-12-03 16:08:15,197 [Worker-13] INFO  o.e.m.c.i.embedder.EclipseLogger - Copying 2 resources
2014-12-03 16:08:15,200 [Worker-13] WARN  o.e.m.c.i.embedder.EclipseLogger - Using platform encoding (Cp1252 actually) to copy filtered resources, i.e. build is platform dependent!
2014-12-03 16:08:15,201 [Worker-13] INFO  o.e.m.c.i.embedder.EclipseLogger - Copying 1 resource
2014-12-03 16:08:15,301 [Worker-5] WARN  o.e.m.c.i.embedder.EclipseLogger - The POM for commons-logging:commons-logging:jar:1.1.3 is invalid, transitive dependencies (if any) will not be available, enable debug logging for more details
2014-12-03 16:08:16,117 [Worker-5] WARN  o.e.m.c.i.embedder.EclipseLogger - The POM for commons-logging:commons-logging:jar:1.1.3 is invalid, transitive dependencies (if any) will not be available, enable debug logging for more details
2014-12-03 16:08:21,861 [Worker-6] WARN  o.e.m.c.i.embedder.EclipseLogger - The POM for commons-logging:commons-logging:jar:1.1.3 is invalid, transitive dependencies (if any) will not be available, enable debug logging for more details
2014-12-03 16:08:22,515 [Worker-6] WARN  o.e.m.c.i.embedder.EclipseLogger - Using platform encoding (Cp1252 actually) to copy filtered resources, i.e. build is platform dependent!
2014-12-03 16:08:22,523 [Worker-6] INFO  o.e.m.c.i.embedder.EclipseLogger - Copying 0 resource
2014-12-03 16:08:22,526 [Worker-6] WARN  o.e.m.c.i.embedder.EclipseLogger - Using platform encoding (Cp1252 actually) to copy filtered resources, i.e. build is platform dependent!
2014-12-03 16:08:22,527 [Worker-6] INFO  o.e.m.c.i.embedder.EclipseLogger - Copying 0 resource
2014-12-03 16:23:43,516 [Worker-2] WARN  o.e.m.c.i.embedder.EclipseLogger - Using platform encoding (Cp1252 actually) to copy filtered resources, i.e. build is platform dependent!
2014-12-03 16:23:43,524 [Worker-2] INFO  o.e.m.c.i.embedder.EclipseLogger - Copying 2 resources
2014-12-03 16:23:43,525 [Worker-2] WARN  o.e.m.c.i.embedder.EclipseLogger - Using platform encoding (Cp1252 actually) to copy filtered resources, i.e. build is platform dependent!
2014-12-03 16:23:43,526 [Worker-2] INFO  o.e.m.c.i.embedder.EclipseLogger - Copying 0 resource
2014-12-03 16:31:54,191 [Worker-24] WARN  o.e.m.c.i.embedder.EclipseLogger - Using platform encoding (Cp1252 actually) to copy filtered resources, i.e. build is platform dependent!
2014-12-03 16:31:54,192 [Worker-24] INFO  o.e.m.c.i.embedder.EclipseLogger - Copying 2 resources
2014-12-03 16:31:54,193 [Worker-24] WARN  o.e.m.c.i.embedder.EclipseLogger - Using platform encoding (Cp1252 actually) to copy filtered resources, i.e. build is platform dependent!
2014-12-03 16:31:54,194 [Worker-24] INFO  o.e.m.c.i.embedder.EclipseLogger - Copying 0 resource
2014-12-03 16:37:27,842 [Worker-18] WARN  o.e.m.c.i.embedder.EclipseLogger - Using platform encoding (Cp1252 actually) to copy filtered resources, i.e. build is platform dependent!
2014-12-03 16:37:27,843 [Worker-18] INFO  o.e.m.c.i.embedder.EclipseLogger - Copying 2 resources
2014-12-03 16:37:27,844 [Worker-18] WARN  o.e.m.c.i.embedder.EclipseLogger - Using platform encoding (Cp1252 actually) to copy filtered resources, i.e. build is platform dependent!
2014-12-03 16:37:27,845 [Worker-18] INFO  o.e.m.c.i.embedder.EclipseLogger - Copying 0 resource
2014-12-03 16:44:44,761 [Worker-28] WARN  o.e.m.c.i.embedder.EclipseLogger - Using platform encoding (Cp1252 actually) to copy filtered resources, i.e. build is platform dependent!
2014-12-03 16:44:44,762 [Worker-28] INFO  o.e.m.c.i.embedder.EclipseLogger - Copying 2 resources
2014-12-03 16:44:44,763 [Worker-28] WARN  o.e.m.c.i.embedder.EclipseLogger - Using platform encoding (Cp1252 actually) to copy filtered resources, i.e. build is platform dependent!
2014-12-03 16:44:44,764 [Worker-28] INFO  o.e.m.c.i.embedder.EclipseLogger - Copying 0 resource
2014-12-03 16:45:15,416 [Worker-26] WARN  o.e.m.c.i.embedder.EclipseLogger - Using platform encoding (Cp1252 actually) to copy filtered resources, i.e. build is platform dependent!
2014-12-03 16:45:15,417 [Worker-26] INFO  o.e.m.c.i.embedder.EclipseLogger - Copying 2 resources
2014-12-03 16:45:15,418 [Worker-26] WARN  o.e.m.c.i.embedder.EclipseLogger - Using platform encoding (Cp1252 actually) to copy filtered resources, i.e. build is platform dependent!
2014-12-03 16:45:15,419 [Worker-26] INFO  o.e.m.c.i.embedder.EclipseLogger - Copying 0 resource
2014-12-03 16:45:45,938 [Worker-26] WARN  o.e.m.c.i.embedder.EclipseLogger - Using platform encoding (Cp1252 actually) to copy filtered resources, i.e. build is platform dependent!
2014-12-03 16:45:45,938 [Worker-26] INFO  o.e.m.c.i.embedder.EclipseLogger - Copying 2 resources
2014-12-03 16:45:45,939 [Worker-26] WARN  o.e.m.c.i.embedder.EclipseLogger - Using platform encoding (Cp1252 actually) to copy filtered resources, i.e. build is platform dependent!
2014-12-03 16:45:45,940 [Worker-26] INFO  o.e.m.c.i.embedder.EclipseLogger - Copying 0 resource
2014-12-03 16:47:31,523 [Worker-34] WARN  o.e.m.c.i.embedder.EclipseLogger - Using platform encoding (Cp1252 actually) to copy filtered resources, i.e. build is platform dependent!
2014-12-03 16:47:31,524 [Worker-34] INFO  o.e.m.c.i.embedder.EclipseLogger - Copying 2 resources
2014-12-03 16:47:31,525 [Worker-34] WARN  o.e.m.c.i.embedder.EclipseLogger - Using platform encoding (Cp1252 actually) to copy filtered resources, i.e. build is platform dependent!
2014-12-03 16:47:31,526 [Worker-34] INFO  o.e.m.c.i.embedder.EclipseLogger - Copying 0 resource
2014-12-03 16:53:51,883 [Worker-30] WARN  o.e.m.c.i.embedder.EclipseLogger - Using platform encoding (Cp1252 actually) to copy filtered resources, i.e. build is platform dependent!
2014-12-03 16:53:51,884 [Worker-30] INFO  o.e.m.c.i.embedder.EclipseLogger - Copying 2 resources
2014-12-03 16:53:51,886 [Worker-30] WARN  o.e.m.c.i.embedder.EclipseLogger - Using platform encoding (Cp1252 actually) to copy filtered resources, i.e. build is platform dependent!
2014-12-03 16:53:51,887 [Worker-30] INFO  o.e.m.c.i.embedder.EclipseLogger - Copying 0 resource
2014-12-03 17:06:39,389 [Worker-52] WARN  o.e.m.c.i.embedder.EclipseLogger - Using platform encoding (Cp1252 actually) to copy filtered resources, i.e. build is platform dependent!
2014-12-03 17:06:39,391 [Worker-52] INFO  o.e.m.c.i.embedder.EclipseLogger - Copying 2 resources
2014-12-03 17:06:39,392 [Worker-52] WARN  o.e.m.c.i.embedder.EclipseLogger - Using platform encoding (Cp1252 actually) to copy filtered resources, i.e. build is platform dependent!
2014-12-03 17:06:39,393 [Worker-52] INFO  o.e.m.c.i.embedder.EclipseLogger - Copying 0 resource
2014-12-03 17:09:03,247 [Worker-57] WARN  o.e.m.c.i.embedder.EclipseLogger - Using platform encoding (Cp1252 actually) to copy filtered resources, i.e. build is platform dependent!
2014-12-03 17:09:03,248 [Worker-57] INFO  o.e.m.c.i.embedder.EclipseLogger - Copying 2 resources
2014-12-03 17:09:03,249 [Worker-57] WARN  o.e.m.c.i.embedder.EclipseLogger - Using platform encoding (Cp1252 actually) to copy filtered resources, i.e. build is platform dependent!
2014-12-03 17:09:03,250 [Worker-57] INFO  o.e.m.c.i.embedder.EclipseLogger - Copying 0 resource
2014-12-03 17:09:53,052 [Worker-55] WARN  o.e.m.c.i.embedder.EclipseLogger - Using platform encoding (Cp1252 actually) to copy filtered resources, i.e. build is platform dependent!
2014-12-03 17:09:53,053 [Worker-55] INFO  o.e.m.c.i.embedder.EclipseLogger - Copying 2 resources
2014-12-03 17:09:53,054 [Worker-55] WARN  o.e.m.c.i.embedder.EclipseLogger - Using platform encoding (Cp1252 actually) to copy filtered resources, i.e. build is platform dependent!
2014-12-03 17:09:53,054 [Worker-55] INFO  o.e.m.c.i.embedder.EclipseLogger - Copying 0 resource
2014-12-03 17:14:33,731 [Worker-65] WARN  o.e.m.c.i.embedder.EclipseLogger - Using platform encoding (Cp1252 actually) to copy filtered resources, i.e. build is platform dependent!
2014-12-03 17:14:33,732 [Worker-65] INFO  o.e.m.c.i.embedder.EclipseLogger - Copying 2 resources
2014-12-03 17:14:33,733 [Worker-65] WARN  o.e.m.c.i.embedder.EclipseLogger - Using platform encoding (Cp1252 actually) to copy filtered resources, i.e. build is platform dependent!
2014-12-03 17:14:33,733 [Worker-65] INFO  o.e.m.c.i.embedder.EclipseLogger - Copying 0 resource
2014-12-03 17:15:18,239 [Worker-60] WARN  o.e.m.c.i.embedder.EclipseLogger - Using platform encoding (Cp1252 actually) to copy filtered resources, i.e. build is platform dependent!
2014-12-03 17:15:18,240 [Worker-60] INFO  o.e.m.c.i.embedder.EclipseLogger - Copying 2 resources
2014-12-03 17:15:18,241 [Worker-60] WARN  o.e.m.c.i.embedder.EclipseLogger - Using platform encoding (Cp1252 actually) to copy filtered resources, i.e. build is platform dependent!
2014-12-03 17:15:18,242 [Worker-60] INFO  o.e.m.c.i.embedder.EclipseLogger - Copying 0 resource
2014-12-03 17:15:35,627 [Worker-66] WARN  o.e.m.c.i.embedder.EclipseLogger - Using platform encoding (Cp1252 actually) to copy filtered resources, i.e. build is platform dependent!
2014-12-03 17:15:35,628 [Worker-66] INFO  o.e.m.c.i.embedder.EclipseLogger - Copying 2 resources
2014-12-03 17:15:35,629 [Worker-66] WARN  o.e.m.c.i.embedder.EclipseLogger - Using platform encoding (Cp1252 actually) to copy filtered resources, i.e. build is platform dependent!
2014-12-03 17:15:35,630 [Worker-66] INFO  o.e.m.c.i.embedder.EclipseLogger - Copying 0 resource
2014-12-03 17:25:19,916 [Worker-19] WARN  o.e.m.c.i.embedder.EclipseLogger - Using platform encoding (Cp1252 actually) to copy filtered resources, i.e. build is platform dependent!
2014-12-03 17:25:19,917 [Worker-19] INFO  o.e.m.c.i.embedder.EclipseLogger - Copying 2 resources
2014-12-03 17:25:19,919 [Worker-19] WARN  o.e.m.c.i.embedder.EclipseLogger - Using platform encoding (Cp1252 actually) to copy filtered resources, i.e. build is platform dependent!
2014-12-03 17:25:19,919 [Worker-19] INFO  o.e.m.c.i.embedder.EclipseLogger - Copying 0 resource
2014-12-03 17:37:29,392 [Worker-75] WARN  o.e.m.c.i.embedder.EclipseLogger - Using platform encoding (Cp1252 actually) to copy filtered resources, i.e. build is platform dependent!
2014-12-03 17:37:29,394 [Worker-75] INFO  o.e.m.c.i.embedder.EclipseLogger - Copying 2 resources
2014-12-03 17:37:29,395 [Worker-75] WARN  o.e.m.c.i.embedder.EclipseLogger - Using platform encoding (Cp1252 actually) to copy filtered resources, i.e. build is platform dependent!
2014-12-03 17:37:29,396 [Worker-75] INFO  o.e.m.c.i.embedder.EclipseLogger - Copying 0 resource
2014-12-03 17:39:41,373 [Worker-75] WARN  o.e.m.c.i.embedder.EclipseLogger - Using platform encoding (Cp1252 actually) to copy filtered resources, i.e. build is platform dependent!
2014-12-03 17:39:41,374 [Worker-75] INFO  o.e.m.c.i.embedder.EclipseLogger - Copying 2 resources
2014-12-03 17:39:41,375 [Worker-75] WARN  o.e.m.c.i.embedder.EclipseLogger - Using platform encoding (Cp1252 actually) to copy filtered resources, i.e. build is platform dependent!
2014-12-03 17:39:41,376 [Worker-75] INFO  o.e.m.c.i.embedder.EclipseLogger - Copying 0 resource
2014-12-03 17:50:58,943 [Worker-72] WARN  o.e.m.c.i.embedder.EclipseLogger - Using platform encoding (Cp1252 actually) to copy filtered resources, i.e. build is platform dependent!
2014-12-03 17:50:58,944 [Worker-72] INFO  o.e.m.c.i.embedder.EclipseLogger - Copying 2 resources
2014-12-03 17:50:58,945 [Worker-72] WARN  o.e.m.c.i.embedder.EclipseLogger - Using platform encoding (Cp1252 actually) to copy filtered resources, i.e. build is platform dependent!
2014-12-03 17:50:58,946 [Worker-72] INFO  o.e.m.c.i.embedder.EclipseLogger - Copying 0 resource
2014-12-03 17:55:39,525 [Worker-77] WARN  o.e.m.c.i.embedder.EclipseLogger - Using platform encoding (Cp1252 actually) to copy filtered resources, i.e. build is platform dependent!
2014-12-03 17:55:39,526 [Worker-77] INFO  o.e.m.c.i.embedder.EclipseLogger - Copying 2 resources
2014-12-03 17:55:39,527 [Worker-77] WARN  o.e.m.c.i.embedder.EclipseLogger - Using platform encoding (Cp1252 actually) to copy filtered resources, i.e. build is platform dependent!
2014-12-03 17:55:39,529 [Worker-77] INFO  o.e.m.c.i.embedder.EclipseLogger - Copying 0 resource
2014-12-03 17:56:38,350 [Worker-81] WARN  o.e.m.c.i.embedder.EclipseLogger - Using platform encoding (Cp1252 actually) to copy filtered resources, i.e. build is platform dependent!
2014-12-03 17:56:38,351 [Worker-81] INFO  o.e.m.c.i.embedder.EclipseLogger - Copying 2 resources
2014-12-03 17:56:38,353 [Worker-81] WARN  o.e.m.c.i.embedder.EclipseLogger - Using platform encoding (Cp1252 actually) to copy filtered resources, i.e. build is platform dependent!
2014-12-03 17:56:38,353 [Worker-81] INFO  o.e.m.c.i.embedder.EclipseLogger - Copying 0 resource
